<?xml version="1.0" encoding="UTF-8"?>
<testsuite xmlns:xsi="http://www.w3.org/2001/XMLSchema-instance" xsi:noNamespaceSchemaLocation="https://maven.apache.org/surefire/maven-surefire-plugin/xsd/surefire-test-report.xsd" name="com.albatros.interview.lfokazi.CsvToSheetAppTest" time="0.065" tests="4" errors="0" skipped="0" failures="0">
  <properties>
[...]
</properties>
  <testcase name="getStringFormattedSheet_happy_case_unordered" classname="com.albatros.interview.lfokazi.CsvToSheetAppTest" time="0.046"/>
  <testcase name="main_file_name_missing" classname="com.albatros.interview.lfokazi.CsvToSheetAppTest" time="0.004"/>
  <testcase name="getStringFormattedSheet_empty_file" classname="com.albatros.interview.lfokazi.CsvToSheetAppTest" time="0.001"/>
  <testcase name="getStringFormattedSheet_happy_case" classname="com.albatros.interview.lfokazi.CsvToSheetAppTest" time="0.003"/>
</testsuite>